<?xml version="1.0" encoding="UTF-8"?>
<!-- Generated by org.testng.reporters.JUnitReportReporter -->
<testsuite hostname="MWDH-Work2" failures="0" tests="1" name="ass4W9D3.ChromeWebDriverAss4W9D3" time="5.240" errors="0" timestamp="2022-08-03T19:32:13 AST" skipped="0">
  <testcase classname="ass4W9D3.ChromeWebDriverAss4W9D3" name="LearnEnglishWebSite" time="5.240"/>
  <system-out/>
</testsuite> <!-- ass4W9D3.ChromeWebDriverAss4W9D3 -->
